<?xml version="1.0" encoding="UTF-8"?>
<testng-results ignored="0" total="1" passed="1" failed="0" skipped="0">
  <reporter-output>
  </reporter-output>
  <suite started-at="2024-11-06T14:57:38 IST" name="Default suite" finished-at="2024-11-06T14:58:19 IST" duration-ms="41115">
    <groups>
    </groups>
    <test started-at="2024-11-06T14:57:38 IST" name="Default test" finished-at="2024-11-06T14:58:19 IST" duration-ms="41115">
      <class name="testngpkg.Windowhandleamazone">
        <test-method is-config="true" signature="setup()[pri:0, instance:testngpkg.Windowhandleamazone@6574a52c]" started-at="2024-11-06T14:57:38 IST" name="setup" finished-at="2024-11-06T14:58:00 IST" duration-ms="22181" status="PASS">
          <reporter-output>
          </reporter-output>
        </test-method> <!-- setup -->
        <test-method signature="test()[pri:0, instance:testngpkg.Windowhandleamazone@6574a52c]" started-at="2024-11-06T14:58:00 IST" name="test" finished-at="2024-11-06T14:58:19 IST" duration-ms="18724" status="PASS">
          <reporter-output>
          </reporter-output>
        </test-method> <!-- test -->
      </class> <!-- testngpkg.Windowhandleamazone -->
    </test> <!-- Default test -->
  </suite> <!-- Default suite -->
</testng-results>
